TN:
SF:server.js
FN:21,(anonymous_0)
FN:56,(anonymous_1)
FN:73,(anonymous_2)
FN:87,(anonymous_3)
FN:88,(anonymous_4)
FN:97,(anonymous_5)
FN:115,(anonymous_6)
FN:119,(anonymous_7)
FN:136,(anonymous_8)
FN:149,(anonymous_9)
FN:155,(anonymous_10)
FN:165,(anonymous_11)
FN:182,(anonymous_12)
FN:209,(anonymous_13)
FN:214,(anonymous_14)
FN:215,(anonymous_15)
FN:276,(anonymous_16)
FN:277,(anonymous_17)
FN:277,(anonymous_18)
FN:279,(anonymous_19)
FN:282,(anonymous_20)
FN:310,(anonymous_21)
FN:316,(anonymous_22)
FNF:23
FNH:21
FNDA:4,(anonymous_0)
FNDA:46,(anonymous_1)
FNDA:43,(anonymous_2)
FNDA:3,(anonymous_3)
FNDA:3,(anonymous_4)
FNDA:92,(anonymous_5)
FNDA:711,(anonymous_6)
FNDA:704,(anonymous_7)
FNDA:88,(anonymous_8)
FNDA:13,(anonymous_9)
FNDA:13,(anonymous_10)
FNDA:10,(anonymous_11)
FNDA:10,(anonymous_12)
FNDA:7,(anonymous_13)
FNDA:7,(anonymous_14)
FNDA:7,(anonymous_15)
FNDA:56,(anonymous_16)
FNDA:48,(anonymous_17)
FNDA:48,(anonymous_18)
FNDA:48,(anonymous_19)
FNDA:48,(anonymous_20)
FNDA:0,(anonymous_21)
FNDA:0,(anonymous_22)
DA:1,4
DA:2,4
DA:3,4
DA:4,4
DA:5,4
DA:6,4
DA:7,4
DA:9,4
DA:10,4
DA:13,4
DA:14,4
DA:15,4
DA:18,4
DA:21,4
DA:22,4
DA:42,4
DA:56,4
DA:57,46
DA:60,46
DA:61,2
DA:64,44
DA:65,1
DA:68,43
DA:70,43
DA:74,43
DA:75,0
DA:77,43
DA:87,4
DA:88,3
DA:89,3
DA:90,0
DA:92,3
DA:97,4
DA:104,92
DA:107,92
DA:108,1
DA:111,91
DA:112,1
DA:115,711
DA:116,2
DA:119,704
DA:121,88
DA:137,88
DA:138,0
DA:140,88
DA:149,4
DA:150,13
DA:152,13
DA:156,13
DA:157,0
DA:159,13
DA:165,4
DA:166,10
DA:168,10
DA:183,10
DA:184,0
DA:188,10
DA:189,0
DA:203,10
DA:209,4
DA:210,7
DA:212,7
DA:214,7
DA:215,7
DA:216,7
DA:217,7
DA:222,7
DA:225,7
DA:226,7
DA:242,7
DA:245,7
DA:246,7
DA:257,7
DA:268,7
DA:276,7
DA:277,56
DA:278,56
DA:279,48
DA:280,32
DA:281,32
DA:282,48
DA:283,32
DA:285,32
DA:296,7
DA:297,7
DA:300,7
DA:301,7
DA:304,0
DA:305,0
DA:310,4
DA:311,0
DA:315,4
DA:316,0
DA:317,0
DA:318,0
DA:322,4
LF:96
LH:84
BRDA:10,0,0,4
BRDA:10,0,1,4
BRDA:60,1,0,2
BRDA:60,1,1,44
BRDA:60,2,0,46
BRDA:60,2,1,44
BRDA:64,3,0,1
BRDA:64,3,1,43
BRDA:74,4,0,0
BRDA:74,4,1,43
BRDA:89,5,0,0
BRDA:89,5,1,3
BRDA:107,6,0,1
BRDA:107,6,1,91
BRDA:107,7,0,92
BRDA:107,7,1,92
BRDA:107,7,2,92
BRDA:107,7,3,91
BRDA:111,8,0,1
BRDA:111,8,1,90
BRDA:111,9,0,91
BRDA:111,9,1,91
BRDA:115,10,0,2
BRDA:115,10,1,88
BRDA:115,11,0,711
BRDA:115,11,1,710
BRDA:137,12,0,0
BRDA:137,12,1,88
BRDA:156,13,0,0
BRDA:156,13,1,13
BRDA:183,14,0,0
BRDA:183,14,1,10
BRDA:188,15,0,0
BRDA:188,15,1,10
BRDA:216,16,0,0
BRDA:216,16,1,7
BRDA:278,17,0,32
BRDA:278,17,1,24
BRDA:315,18,0,0
BRDA:315,18,1,4
BRF:40
BRH:32
end_of_record
