TN:
SF:server.js
FN:21,(anonymous_0)
FN:56,(anonymous_1)
FN:73,(anonymous_2)
FN:87,(anonymous_3)
FN:88,(anonymous_4)
FN:97,(anonymous_5)
FN:115,(anonymous_6)
FN:119,(anonymous_7)
FN:136,(anonymous_8)
FN:149,(anonymous_9)
FN:155,(anonymous_10)
FN:165,(anonymous_11)
FN:182,(anonymous_12)
FN:192,(anonymous_13)
FN:197,(anonymous_14)
FN:198,(anonymous_15)
FN:259,(anonymous_16)
FN:260,(anonymous_17)
FN:260,(anonymous_18)
FN:262,(anonymous_19)
FN:265,(anonymous_20)
FN:293,(anonymous_21)
FN:299,(anonymous_22)
FNF:23
FNH:21
FNDA:2,(anonymous_0)
FNDA:22,(anonymous_1)
FNDA:20,(anonymous_2)
FNDA:3,(anonymous_3)
FNDA:3,(anonymous_4)
FNDA:75,(anonymous_5)
FNDA:584,(anonymous_6)
FNDA:584,(anonymous_7)
FNDA:73,(anonymous_8)
FNDA:8,(anonymous_9)
FNDA:8,(anonymous_10)
FNDA:5,(anonymous_11)
FNDA:5,(anonymous_12)
FNDA:2,(anonymous_13)
FNDA:2,(anonymous_14)
FNDA:2,(anonymous_15)
FNDA:16,(anonymous_16)
FNDA:8,(anonymous_17)
FNDA:8,(anonymous_18)
FNDA:8,(anonymous_19)
FNDA:8,(anonymous_20)
FNDA:0,(anonymous_21)
FNDA:0,(anonymous_22)
DA:1,2
DA:2,2
DA:3,2
DA:4,2
DA:5,2
DA:6,2
DA:7,2
DA:9,2
DA:10,2
DA:13,2
DA:14,2
DA:15,2
DA:18,2
DA:21,2
DA:22,2
DA:42,2
DA:56,2
DA:57,22
DA:60,22
DA:61,2
DA:64,20
DA:65,0
DA:68,20
DA:70,20
DA:74,20
DA:75,0
DA:77,20
DA:87,2
DA:88,3
DA:89,3
DA:90,0
DA:92,3
DA:97,2
DA:104,75
DA:107,75
DA:108,1
DA:111,74
DA:112,1
DA:115,584
DA:116,0
DA:119,584
DA:121,73
DA:137,73
DA:138,0
DA:140,73
DA:149,2
DA:150,8
DA:152,8
DA:156,8
DA:157,0
DA:159,8
DA:165,2
DA:166,5
DA:168,5
DA:183,5
DA:184,0
DA:186,5
DA:192,2
DA:193,2
DA:195,2
DA:197,2
DA:198,2
DA:199,2
DA:200,2
DA:205,2
DA:208,2
DA:209,2
DA:225,2
DA:228,2
DA:229,2
DA:240,2
DA:251,2
DA:259,2
DA:260,16
DA:261,16
DA:262,8
DA:263,8
DA:264,8
DA:265,8
DA:266,8
DA:268,8
DA:279,2
DA:280,2
DA:283,2
DA:284,2
DA:287,0
DA:288,0
DA:293,2
DA:294,0
DA:298,2
DA:299,0
DA:300,0
DA:301,0
DA:305,2
LF:94
LH:81
BRDA:10,0,0,2
BRDA:10,0,1,2
BRDA:60,1,0,2
BRDA:60,1,1,20
BRDA:60,2,0,22
BRDA:60,2,1,20
BRDA:64,3,0,0
BRDA:64,3,1,20
BRDA:74,4,0,0
BRDA:74,4,1,20
BRDA:89,5,0,0
BRDA:89,5,1,3
BRDA:107,6,0,1
BRDA:107,6,1,74
BRDA:107,7,0,75
BRDA:107,7,1,75
BRDA:107,7,2,75
BRDA:107,7,3,74
BRDA:111,8,0,1
BRDA:111,8,1,73
BRDA:111,9,0,74
BRDA:111,9,1,74
BRDA:115,10,0,0
BRDA:115,10,1,73
BRDA:115,11,0,584
BRDA:115,11,1,584
BRDA:137,12,0,0
BRDA:137,12,1,73
BRDA:156,13,0,0
BRDA:156,13,1,8
BRDA:183,14,0,0
BRDA:183,14,1,5
BRDA:199,15,0,0
BRDA:199,15,1,2
BRDA:261,16,0,8
BRDA:261,16,1,8
BRDA:298,17,0,0
BRDA:298,17,1,2
BRF:38
BRH:29
end_of_record
